Downloading Sleep-EDF subject 0...
Downloaded: [['D:\\Projects\\HIRM\\Empirical\\Datasets\\physionet-sleep-data\\SC4001E0-PSG.edf', 'D:\\Projects\\HIRM\\Empirical\\Datasets\\physionet-sleep-data\\SC4001EC-Hypnogram.edf']]
PSG: D:\Projects\HIRM\Empirical\Datasets\physionet-sleep-data\SC4001E0-PSG.edf
Hypnogram: D:\Projects\HIRM\Empirical\Datasets\physionet-sleep-data\SC4001EC-Hypnogram.edf
[OK] Sleep-EDF validation script initialized
[OK] Critical threshold: C_critical = 8.3 ± 0.6 bits
[WIP] Awaiting dataset loading...

======================================================================
HIRM SLEEP-EDF EMPIRICAL VALIDATION
======================================================================

[WIP] Loading EEG from: D:\Projects\HIRM\Empirical\Datasets\physionet-sleep-data\SC4001E0-PSG.edf
Extracting EDF parameters from D:\Projects\HIRM\Empirical\Datasets\physionet-sleep-data\SC4001E0-PSG.edf...
Setting channel info structure...
Creating raw.info structure...
Reading 0 ... 7949999  =      0.000 ... 79499.990 secs...
[OK] Neural data loaded: 3 channels x 7950000 samples at 100.0 Hz
[OK] Channels: ['EEG Fpz-Cz', 'EEG Pz-Oz', 'EOG horizontal']
[OK] N=3 ensures non-degenerate Phi calculation (geometric method requires N>=3)
[OK] Duration: 1325.0 minutes
[WIP] Loading annotations from: D:\Projects\HIRM\Empirical\Datasets\physionet-sleep-data\SC4001EC-Hypnogram.edf
[OK] Sleep stages loaded: 154 annotations
[OK] Stages present: ['Sleep stage W' 'Sleep stage 1' 'Sleep stage 2' 'Sleep stage 3'
 'Sleep stage 4' 'Sleep stage R' 'Sleep stage ?']
[WIP] Bandpass filtering: 0.5-45 Hz
[OK] Filtering complete
[OK] Created 5299 epochs (30s, 15s overlap)
[OK] Epoch shape: (3 channels, 3000 samples)

[WIP] Initializing consciousness measure calculator...
[OK] Calculator ready (Variable Constitution v1.0 - LZC Phi + Recurrence R + Spectral D)

[WIP] Calculating C(t) for 5299 epochs...
[WIP] Processing epoch 0/5299...
[WIP] Processing epoch 10/5299...
[WIP] Processing epoch 20/5299...
[WIP] Processing epoch 30/5299...
[WIP] Processing epoch 40/5299...
[WIP] Processing epoch 50/5299...
[WIP] Processing epoch 60/5299...
