Downloading Sleep-EDF subject 0...
Downloaded: [['D:\\Projects\\HIRM\\Empirical\\Datasets\\physionet-sleep-data\\SC4001E0-PSG.edf', 'D:\\Projects\\HIRM\\Empirical\\Datasets\\physionet-sleep-data\\SC4001EC-Hypnogram.edf']]
PSG: D:\Projects\HIRM\Empirical\Datasets\physionet-sleep-data\SC4001E0-PSG.edf
Hypnogram: D:\Projects\HIRM\Empirical\Datasets\physionet-sleep-data\SC4001EC-Hypnogram.edf
[OK] Sleep-EDF validation script initialized
[OK] Critical threshold: C_critical = 8.3 Ý 0.6 bits
[WIP] Awaiting dataset loading...

======================================================================
HIRM SLEEP-EDF EMPIRICAL VALIDATION
======================================================================

[WIP] Loading EEG from: D:\Projects\HIRM\Empirical\Datasets\physionet-sleep-data\SC4001E0-PSG.edf
Extracting EDF parameters from D:\Projects\HIRM\Empirical\Datasets\physionet-sleep-data\SC4001E0-PSG.edf...
Setting channel info structure...
Creating raw.info structure...
Reading 0 ... 7949999  =      0.000 ... 79499.990 secs...
[OK] Neural data loaded: 3 channels x 7950000 samples at 100.0 Hz
[OK] Channels: ['EEG Fpz-Cz', 'EEG Pz-Oz', 'EOG horizontal']
[OK] N=3 ensures non-degenerate Phi calculation (geometric method requires N>=3)
[OK] Duration: 1325.0 minutes
[WIP] Loading annotations from: D:\Projects\HIRM\Empirical\Datasets\physionet-sleep-data\SC4001EC-Hypnogram.edf
[OK] Sleep stages loaded: 154 annotations
[OK] Stages present: ['Sleep stage W' 'Sleep stage 1' 'Sleep stage 2' 'Sleep stage 3'
 'Sleep stage 4' 'Sleep stage R' 'Sleep stage ?']
[WIP] Bandpass filtering: 0.5-45 Hz
[OK] Filtering complete
[OK] Created 5299 epochs (30s, 15s overlap)
[OK] Epoch shape: (3 channels, 3000 samples)

[WIP] Initializing consciousness measure calculator...
[OK] Calculator ready (Variable Constitution v1.0 - LZC Phi + Recurrence R + Spectral D)

[WIP] Calculating C(t) for 5299 epochs...
[WIP] Processing epoch 0/5299...
[WIP] Processing epoch 10/5299...
[WIP] Processing epoch 20/5299...
[WIP] Processing epoch 30/5299...
[WIP] Processing epoch 40/5299...
[WIP] Processing epoch 50/5299...
[WIP] Processing epoch 60/5299...
[WIP] Processing epoch 70/5299...
[WIP] Processing epoch 80/5299...
[WIP] Processing epoch 90/5299...
[WIP] Processing epoch 100/5299...
[WIP] Processing epoch 110/5299...
[WIP] Processing epoch 120/5299...
[WIP] Processing epoch 130/5299...
[WIP] Processing epoch 140/5299...
[WIP] Processing epoch 150/5299...
[WIP] Processing epoch 160/5299...
[WIP] Processing epoch 170/5299...
[WIP] Processing epoch 180/5299...
[WIP] Processing epoch 190/5299...
[WIP] Processing epoch 200/5299...
[WIP] Processing epoch 210/5299...
[WIP] Processing epoch 220/5299...
[WIP] Processing epoch 230/5299...
[WIP] Processing epoch 240/5299...
[WIP] Processing epoch 250/5299...
[WIP] Processing epoch 260/5299...
[WIP] Processing epoch 270/5299...
[WIP] Processing epoch 280/5299...
[WIP] Processing epoch 290/5299...
[WIP] Processing epoch 300/5299...
[WIP] Processing epoch 310/5299...
[WIP] Processing epoch 320/5299...
[WIP] Processing epoch 330/5299...
[WIP] Processing epoch 340/5299...
[WIP] Processing epoch 350/5299...
[WIP] Processing epoch 360/5299...
[WIP] Processing epoch 370/5299...
[WIP] Processing epoch 380/5299...
[WIP] Processing epoch 390/5299...
[WIP] Processing epoch 400/5299...
[WIP] Processing epoch 410/5299...
[WIP] Processing epoch 420/5299...
[WIP] Processing epoch 430/5299...
[WIP] Processing epoch 440/5299...
[WIP] Processing epoch 450/5299...
[WIP] Processing epoch 460/5299...
[WIP] Processing epoch 470/5299...
[WIP] Processing epoch 480/5299...
[WIP] Processing epoch 490/5299...
[WIP] Processing epoch 500/5299...
[WIP] Processing epoch 510/5299...
[WIP] Processing epoch 520/5299...
[WIP] Processing epoch 530/5299...
[WIP] Processing epoch 540/5299...
[WIP] Processing epoch 550/5299...
[WIP] Processing epoch 560/5299...
[WIP] Processing epoch 570/5299...
[WIP] Processing epoch 580/5299...
[WIP] Processing epoch 590/5299...
[WIP] Processing epoch 600/5299...
[WIP] Processing epoch 610/5299...
[WIP] Processing epoch 620/5299...
[WIP] Processing epoch 630/5299...
[WIP] Processing epoch 640/5299...
[WIP] Processing epoch 650/5299...
[WIP] Processing epoch 660/5299...
[WIP] Processing epoch 670/5299...
[WIP] Processing epoch 680/5299...
[WIP] Processing epoch 690/5299...
[WIP] Processing epoch 700/5299...
[WIP] Processing epoch 710/5299...
[WIP] Processing epoch 720/5299...
[WIP] Processing epoch 730/5299...
[WIP] Processing epoch 740/5299...
[WIP] Processing epoch 750/5299...
[WIP] Processing epoch 760/5299...
[WIP] Processing epoch 770/5299...
[WIP] Processing epoch 780/5299...
[WIP] Processing epoch 790/5299...
[WIP] Processing epoch 800/5299...
[WIP] Processing epoch 810/5299...
[WIP] Processing epoch 820/5299...
[WIP] Processing epoch 830/5299...
[WIP] Processing epoch 840/5299...
[WIP] Processing epoch 850/5299...
[WIP] Processing epoch 860/5299...
[WIP] Processing epoch 870/5299...
[WIP] Processing epoch 880/5299...
[WIP] Processing epoch 890/5299...
[WIP] Processing epoch 900/5299...
[WIP] Processing epoch 910/5299...
[WIP] Processing epoch 920/5299...
[WIP] Processing epoch 930/5299...
[WIP] Processing epoch 940/5299...
[WIP] Processing epoch 950/5299...
[WIP] Processing epoch 960/5299...
[WIP] Processing epoch 970/5299...
[WIP] Processing epoch 980/5299...
[WIP] Processing epoch 990/5299...
[WIP] Processing epoch 1000/5299...
[WIP] Processing epoch 1010/5299...
[WIP] Processing epoch 1020/5299...
[WIP] Processing epoch 1030/5299...
[WIP] Processing epoch 1040/5299...
[WIP] Processing epoch 1050/5299...
[WIP] Processing epoch 1060/5299...
[WIP] Processing epoch 1070/5299...
[WIP] Processing epoch 1080/5299...
[WIP] Processing epoch 1090/5299...
[WIP] Processing epoch 1100/5299...
[WIP] Processing epoch 1110/5299...
[WIP] Processing epoch 1120/5299...
[WIP] Processing epoch 1130/5299...
[WIP] Processing epoch 1140/5299...
[WIP] Processing epoch 1150/5299...
[WIP] Processing epoch 1160/5299...
[WIP] Processing epoch 1170/5299...
[WIP] Processing epoch 1180/5299...
[WIP] Processing epoch 1190/5299...
[WIP] Processing epoch 1200/5299...
[WIP] Processing epoch 1210/5299...
[WIP] Processing epoch 1220/5299...
[WIP] Processing epoch 1230/5299...
[WIP] Processing epoch 1240/5299...
[WIP] Processing epoch 1250/5299...
[WIP] Processing epoch 1260/5299...
[WIP] Processing epoch 1270/5299...
[WIP] Processing epoch 1280/5299...
[WIP] Processing epoch 1290/5299...
[WIP] Processing epoch 1300/5299...
[WIP] Processing epoch 1310/5299...
[WIP] Processing epoch 1320/5299...
[WIP] Processing epoch 1330/5299...
[WIP] Processing epoch 1340/5299...
[WIP] Processing epoch 1350/5299...
[WIP] Processing epoch 1360/5299...
[WIP] Processing epoch 1370/5299...
[WIP] Processing epoch 1380/5299...
[WIP] Processing epoch 1390/5299...
[WIP] Processing epoch 1400/5299...
[WIP] Processing epoch 1410/5299...
[WIP] Processing epoch 1420/5299...
[WIP] Processing epoch 1430/5299...
[WIP] Processing epoch 1440/5299...
[WIP] Processing epoch 1450/5299...
[WIP] Processing epoch 1460/5299...
[WIP] Processing epoch 1470/5299...
[WIP] Processing epoch 1480/5299...
[WIP] Processing epoch 1490/5299...
[WIP] Processing epoch 1500/5299...
[WIP] Processing epoch 1510/5299...
[WIP] Processing epoch 1520/5299...
[WIP] Processing epoch 1530/5299...
[WIP] Processing epoch 1540/5299...
[WIP] Processing epoch 1550/5299...
[WIP] Processing epoch 1560/5299...
[WIP] Processing epoch 1570/5299...
[WIP] Processing epoch 1580/5299...
[WIP] Processing epoch 1590/5299...
[WIP] Processing epoch 1600/5299...
[WIP] Processing epoch 1610/5299...
[WIP] Processing epoch 1620/5299...
[WIP] Processing epoch 1630/5299...
[WIP] Processing epoch 1640/5299...
[WIP] Processing epoch 1650/5299...
[WIP] Processing epoch 1660/5299...
[WIP] Processing epoch 1670/5299...
[WIP] Processing epoch 1680/5299...
[WIP] Processing epoch 1690/5299...
[WIP] Processing epoch 1700/5299...
[WIP] Processing epoch 1710/5299...
[WIP] Processing epoch 1720/5299...
[WIP] Processing epoch 1730/5299...
[WIP] Processing epoch 1740/5299...
[WIP] Processing epoch 1750/5299...
[WIP] Processing epoch 1760/5299...
[WIP] Processing epoch 1770/5299...
[WIP] Processing epoch 1780/5299...
[WIP] Processing epoch 1790/5299...
[WIP] Processing epoch 1800/5299...
[WIP] Processing epoch 1810/5299...
[WIP] Processing epoch 1820/5299...
[WIP] Processing epoch 1830/5299...
[WIP] Processing epoch 1840/5299...
[WIP] Processing epoch 1850/5299...
[WIP] Processing epoch 1860/5299...
[WIP] Processing epoch 1870/5299...
[WIP] Processing epoch 1880/5299...
[WIP] Processing epoch 1890/5299...
[WIP] Processing epoch 1900/5299...
[WIP] Processing epoch 1910/5299...
[WIP] Processing epoch 1920/5299...
[WIP] Processing epoch 1930/5299...
[WIP] Processing epoch 1940/5299...
[WIP] Processing epoch 1950/5299...
[WIP] Processing epoch 1960/5299...
[WIP] Processing epoch 1970/5299...
[WIP] Processing epoch 1980/5299...
[WIP] Processing epoch 1990/5299...
[WIP] Processing epoch 2000/5299...
[WIP] Processing epoch 2010/5299...
[WIP] Processing epoch 2020/5299...
[WIP] Processing epoch 2030/5299...
[WIP] Processing epoch 2040/5299...
[WIP] Processing epoch 2050/5299...
[WIP] Processing epoch 2060/5299...
[WIP] Processing epoch 2070/5299...
[WIP] Processing epoch 2080/5299...
[WIP] Processing epoch 2090/5299...
[WIP] Processing epoch 2100/5299...
[WIP] Processing epoch 2110/5299...
[WIP] Processing epoch 2120/5299...
[WIP] Processing epoch 2130/5299...
[WIP] Processing epoch 2140/5299...
[WIP] Processing epoch 2150/5299...
[WIP] Processing epoch 2160/5299...
[WIP] Processing epoch 2170/5299...
[WIP] Processing epoch 2180/5299...
[WIP] Processing epoch 2190/5299...
[WIP] Processing epoch 2200/5299...
[WIP] Processing epoch 2210/5299...
[WIP] Processing epoch 2220/5299...
[WIP] Processing epoch 2230/5299...
[WIP] Processing epoch 2240/5299...
[WIP] Processing epoch 2250/5299...
[WIP] Processing epoch 2260/5299...
[WIP] Processing epoch 2270/5299...
[WIP] Processing epoch 2280/5299...
[WIP] Processing epoch 2290/5299...
[WIP] Processing epoch 2300/5299...
[WIP] Processing epoch 2310/5299...
[WIP] Processing epoch 2320/5299...
[WIP] Processing epoch 2330/5299...
[WIP] Processing epoch 2340/5299...
[WIP] Processing epoch 2350/5299...
[WIP] Processing epoch 2360/5299...
[WIP] Processing epoch 2370/5299...
[WIP] Processing epoch 2380/5299...
[WIP] Processing epoch 2390/5299...
[WIP] Processing epoch 2400/5299...
[WIP] Processing epoch 2410/5299...
[WIP] Processing epoch 2420/5299...
[WIP] Processing epoch 2430/5299...
[WIP] Processing epoch 2440/5299...
[WIP] Processing epoch 2450/5299...
[WIP] Processing epoch 2460/5299...
[WIP] Processing epoch 2470/5299...
[WIP] Processing epoch 2480/5299...
[WIP] Processing epoch 2490/5299...
[WIP] Processing epoch 2500/5299...
[WIP] Processing epoch 2510/5299...
[WIP] Processing epoch 2520/5299...
[WIP] Processing epoch 2530/5299...
[WIP] Processing epoch 2540/5299...
[WIP] Processing epoch 2550/5299...
[WIP] Processing epoch 2560/5299...
[WIP] Processing epoch 2570/5299...
[WIP] Processing epoch 2580/5299...
[WIP] Processing epoch 2590/5299...
[WIP] Processing epoch 2600/5299...
[WIP] Processing epoch 2610/5299...
[WIP] Processing epoch 2620/5299...
[WIP] Processing epoch 2630/5299...
[WIP] Processing epoch 2640/5299...
[WIP] Processing epoch 2650/5299...
[WIP] Processing epoch 2660/5299...
[WIP] Processing epoch 2670/5299...
[WIP] Processing epoch 2680/5299...
[WIP] Processing epoch 2690/5299...
[WIP] Processing epoch 2700/5299...
[WIP] Processing epoch 2710/5299...
[WIP] Processing epoch 2720/5299...
[WIP] Processing epoch 2730/5299...
[WIP] Processing epoch 2740/5299...
[WIP] Processing epoch 2750/5299...
[WIP] Processing epoch 2760/5299...
[WIP] Processing epoch 2770/5299...
[WIP] Processing epoch 2780/5299...
[WIP] Processing epoch 2790/5299...
[WIP] Processing epoch 2800/5299...
[WIP] Processing epoch 2810/5299...
[WIP] Processing epoch 2820/5299...
[WIP] Processing epoch 2830/5299...
[WIP] Processing epoch 2840/5299...
[WIP] Processing epoch 2850/5299...
[WIP] Processing epoch 2860/5299...
[WIP] Processing epoch 2870/5299...
[WIP] Processing epoch 2880/5299...
[WIP] Processing epoch 2890/5299...
[WIP] Processing epoch 2900/5299...
[WIP] Processing epoch 2910/5299...
[WIP] Processing epoch 2920/5299...
[WIP] Processing epoch 2930/5299...
[WIP] Processing epoch 2940/5299...
[WIP] Processing epoch 2950/5299...
[WIP] Processing epoch 2960/5299...
[WIP] Processing epoch 2970/5299...
[WIP] Processing epoch 2980/5299...
[WIP] Processing epoch 2990/5299...
[WIP] Processing epoch 3000/5299...
[WIP] Processing epoch 3010/5299...
[WIP] Processing epoch 3020/5299...
[WIP] Processing epoch 3030/5299...
[WIP] Processing epoch 3040/5299...
[WIP] Processing epoch 3050/5299...
[WIP] Processing epoch 3060/5299...
[WIP] Processing epoch 3070/5299...
[WIP] Processing epoch 3080/5299...
[WIP] Processing epoch 3090/5299...
[WIP] Processing epoch 3100/5299...
[WIP] Processing epoch 3110/5299...
[WIP] Processing epoch 3120/5299...
[WIP] Processing epoch 3130/5299...
[WIP] Processing epoch 3140/5299...
[WIP] Processing epoch 3150/5299...
[WIP] Processing epoch 3160/5299...
[WIP] Processing epoch 3170/5299...
[WIP] Processing epoch 3180/5299...
[WIP] Processing epoch 3190/5299...
[WIP] Processing epoch 3200/5299...
[WIP] Processing epoch 3210/5299...
[WIP] Processing epoch 3220/5299...
[WIP] Processing epoch 3230/5299...
[WIP] Processing epoch 3240/5299...
[WIP] Processing epoch 3250/5299...
[WIP] Processing epoch 3260/5299...
[WIP] Processing epoch 3270/5299...
[WIP] Processing epoch 3280/5299...
[WIP] Processing epoch 3290/5299...
[WIP] Processing epoch 3300/5299...
[WIP] Processing epoch 3310/5299...
[WIP] Processing epoch 3320/5299...
[WIP] Processing epoch 3330/5299...
[WIP] Processing epoch 3340/5299...
[WIP] Processing epoch 3350/5299...
[WIP] Processing epoch 3360/5299...
[WIP] Processing epoch 3370/5299...
[WIP] Processing epoch 3380/5299...
[WIP] Processing epoch 3390/5299...
[WIP] Processing epoch 3400/5299...
[WIP] Processing epoch 3410/5299...
[WIP] Processing epoch 3420/5299...
[WIP] Processing epoch 3430/5299...
[WIP] Processing epoch 3440/5299...
[WIP] Processing epoch 3450/5299...
[WIP] Processing epoch 3460/5299...
[WIP] Processing epoch 3470/5299...
[WIP] Processing epoch 3480/5299...
[WIP] Processing epoch 3490/5299...
[WIP] Processing epoch 3500/5299...
[WIP] Processing epoch 3510/5299...
[WIP] Processing epoch 3520/5299...
[WIP] Processing epoch 3530/5299...
[WIP] Processing epoch 3540/5299...
[WIP] Processing epoch 3550/5299...
[WIP] Processing epoch 3560/5299...
[WIP] Processing epoch 3570/5299...
[WIP] Processing epoch 3580/5299...
[WIP] Processing epoch 3590/5299...
[WIP] Processing epoch 3600/5299...
[WIP] Processing epoch 3610/5299...
[WIP] Processing epoch 3620/5299...
[WIP] Processing epoch 3630/5299...
[WIP] Processing epoch 3640/5299...
[WIP] Processing epoch 3650/5299...
[WIP] Processing epoch 3660/5299...
[WIP] Processing epoch 3670/5299...
[WIP] Processing epoch 3680/5299...
[WIP] Processing epoch 3690/5299...
[WIP] Processing epoch 3700/5299...
[WIP] Processing epoch 3710/5299...
[WIP] Processing epoch 3720/5299...
[WIP] Processing epoch 3730/5299...
[WIP] Processing epoch 3740/5299...
[WIP] Processing epoch 3750/5299...
[WIP] Processing epoch 3760/5299...
[WIP] Processing epoch 3770/5299...
[WIP] Processing epoch 3780/5299...
[WIP] Processing epoch 3790/5299...
[WIP] Processing epoch 3800/5299...
[WIP] Processing epoch 3810/5299...
[WIP] Processing epoch 3820/5299...
[WIP] Processing epoch 3830/5299...
[WIP] Processing epoch 3840/5299...
[WIP] Processing epoch 3850/5299...
[WIP] Processing epoch 3860/5299...
[WIP] Processing epoch 3870/5299...
[WIP] Processing epoch 3880/5299...
[WIP] Processing epoch 3890/5299...
[WIP] Processing epoch 3900/5299...
[WIP] Processing epoch 3910/5299...
[WIP] Processing epoch 3920/5299...
[WIP] Processing epoch 3930/5299...
[WIP] Processing epoch 3940/5299...
[WIP] Processing epoch 3950/5299...
[WIP] Processing epoch 3960/5299...
[WIP] Processing epoch 3970/5299...
[WIP] Processing epoch 3980/5299...
[WIP] Processing epoch 3990/5299...
[WIP] Processing epoch 4000/5299...
[WIP] Processing epoch 4010/5299...
[WIP] Processing epoch 4020/5299...
[WIP] Processing epoch 4030/5299...
[WIP] Processing epoch 4040/5299...
[WIP] Processing epoch 4050/5299...
[WIP] Processing epoch 4060/5299...
[WIP] Processing epoch 4070/5299...
[WIP] Processing epoch 4080/5299...
[WIP] Processing epoch 4090/5299...
[WIP] Processing epoch 4100/5299...
[WIP] Processing epoch 4110/5299...
[WIP] Processing epoch 4120/5299...
[WIP] Processing epoch 4130/5299...
[WIP] Processing epoch 4140/5299...
[WIP] Processing epoch 4150/5299...
[WIP] Processing epoch 4160/5299...
[WIP] Processing epoch 4170/5299...
[WIP] Processing epoch 4180/5299...
[WIP] Processing epoch 4190/5299...
[WIP] Processing epoch 4200/5299...
[WIP] Processing epoch 4210/5299...
[WIP] Processing epoch 4220/5299...
[WIP] Processing epoch 4230/5299...
[WIP] Processing epoch 4240/5299...
[WIP] Processing epoch 4250/5299...
[WIP] Processing epoch 4260/5299...
[WIP] Processing epoch 4270/5299...
[WIP] Processing epoch 4280/5299...
[WIP] Processing epoch 4290/5299...
[WIP] Processing epoch 4300/5299...
[WIP] Processing epoch 4310/5299...
[WIP] Processing epoch 4320/5299...
[WIP] Processing epoch 4330/5299...
[WIP] Processing epoch 4340/5299...
[WIP] Processing epoch 4350/5299...
[WIP] Processing epoch 4360/5299...
[WIP] Processing epoch 4370/5299...
[WIP] Processing epoch 4380/5299...
[WIP] Processing epoch 4390/5299...
[WIP] Processing epoch 4400/5299...
[WIP] Processing epoch 4410/5299...
[WIP] Processing epoch 4420/5299...
[WIP] Processing epoch 4430/5299...
[WIP] Processing epoch 4440/5299...
[WIP] Processing epoch 4450/5299...
[WIP] Processing epoch 4460/5299...
[WIP] Processing epoch 4470/5299...
[WIP] Processing epoch 4480/5299...
[WIP] Processing epoch 4490/5299...
[WIP] Processing epoch 4500/5299...
[WIP] Processing epoch 4510/5299...
[WIP] Processing epoch 4520/5299...
[WIP] Processing epoch 4530/5299...
[WIP] Processing epoch 4540/5299...
[WIP] Processing epoch 4550/5299...
[WIP] Processing epoch 4560/5299...
[WIP] Processing epoch 4570/5299...
[WIP] Processing epoch 4580/5299...
[WIP] Processing epoch 4590/5299...
[WIP] Processing epoch 4600/5299...
[WIP] Processing epoch 4610/5299...
[WIP] Processing epoch 4620/5299...
[WIP] Processing epoch 4630/5299...
[WIP] Processing epoch 4640/5299...
[WIP] Processing epoch 4650/5299...
[WIP] Processing epoch 4660/5299...
[WIP] Processing epoch 4670/5299...
[WIP] Processing epoch 4680/5299...
[WIP] Processing epoch 4690/5299...
[WIP] Processing epoch 4700/5299...
[WIP] Processing epoch 4710/5299...
[WIP] Processing epoch 4720/5299...
[WIP] Processing epoch 4730/5299...
[WIP] Processing epoch 4740/5299...
[WIP] Processing epoch 4750/5299...
[WIP] Processing epoch 4760/5299...
[WIP] Processing epoch 4770/5299...
[WIP] Processing epoch 4780/5299...
[WIP] Processing epoch 4790/5299...
[WIP] Processing epoch 4800/5299...
[WIP] Processing epoch 4810/5299...
[WIP] Processing epoch 4820/5299...
[WIP] Processing epoch 4830/5299...
[WIP] Processing epoch 4840/5299...
[WIP] Processing epoch 4850/5299...
[WIP] Processing epoch 4860/5299...
[WIP] Processing epoch 4870/5299...
[WIP] Processing epoch 4880/5299...
[WIP] Processing epoch 4890/5299...
[WIP] Processing epoch 4900/5299...
[WIP] Processing epoch 4910/5299...
[WIP] Processing epoch 4920/5299...
[WIP] Processing epoch 4930/5299...
[WIP] Processing epoch 4940/5299...
[WIP] Processing epoch 4950/5299...
[WIP] Processing epoch 4960/5299...
[WIP] Processing epoch 4970/5299...
[WIP] Processing epoch 4980/5299...
[WIP] Processing epoch 4990/5299...
[WIP] Processing epoch 5000/5299...
[WIP] Processing epoch 5010/5299...
[WIP] Processing epoch 5020/5299...
[WIP] Processing epoch 5030/5299...
[WIP] Processing epoch 5040/5299...
[WIP] Processing epoch 5050/5299...
[WIP] Processing epoch 5060/5299...
[WIP] Processing epoch 5070/5299...
[WIP] Processing epoch 5080/5299...
[WIP] Processing epoch 5090/5299...
[WIP] Processing epoch 5100/5299...
[WIP] Processing epoch 5110/5299...
[WIP] Processing epoch 5120/5299...
[WIP] Processing epoch 5130/5299...
[WIP] Processing epoch 5140/5299...
[WIP] Processing epoch 5150/5299...
[WIP] Processing epoch 5160/5299...
[WIP] Processing epoch 5170/5299...
[WIP] Processing epoch 5180/5299...
[WIP] Processing epoch 5190/5299...
[WIP] Processing epoch 5200/5299...
[WIP] Processing epoch 5210/5299...
[WIP] Processing epoch 5220/5299...
[WIP] Processing epoch 5230/5299...
[WIP] Processing epoch 5240/5299...
[WIP] Processing epoch 5250/5299...
[WIP] Processing epoch 5260/5299...
[WIP] Processing epoch 5270/5299...
[WIP] Processing epoch 5280/5299...
[WIP] Processing epoch 5290/5299...

[OK] C(t) calculation complete: 5299 valid epochs
[OK] Raw results saved: D:\Projects\HIRM\Empirical\Results\Sleep_EDF\sleep_edf_raw_results.csv

======================================================================
SLEEP STAGE ANALYSIS
======================================================================

                       C                   ...     D_eff                
                    mean        std count  ...      mean       std count
stage                                      ...                          
Sleep stage 1  38.279829   6.155249   116  ...  0.673667  0.045568   116
Sleep stage 2  26.068193   5.255144   500  ...  0.604372  0.043958   500
Sleep stage 3  17.294146   4.264815   202  ...  0.529777  0.042357   202
Sleep stage 4  10.963561   3.376395   238  ...  0.462754  0.035271   238
Sleep stage R  31.603999   4.993281   250  ...  0.628926  0.047187   250
Sleep stage W  45.003296  10.231944  3993  ...  0.652854  0.046957  3993

[6 rows x 12 columns]

======================================================================
THRESHOLD ANALYSIS
======================================================================

Sleep stage 1: C = 38.280 Ý 6.155 bits  (n=116)  [ABOVE 8.3 bits]
Sleep stage 2: C = 26.068 Ý 5.255 bits  (n=500)  [ABOVE 8.3 bits]
Sleep stage 3: C = 17.294 Ý 4.265 bits  (n=202)  [ABOVE 8.3 bits]
Sleep stage 4: C = 10.964 Ý 3.376 bits  (n=238)  [ABOVE 8.3 bits]
Sleep stage R: C = 31.604 Ý 4.993 bits  (n=250)  [ABOVE 8.3 bits]
Sleep stage W: C = 45.003 Ý 10.232 bits  (n=3993)  [ABOVE 8.3 bits]

======================================================================
HYPOTHESIS TESTING
======================================================================

Conscious states (Wake/REM): n = 4243
  Mean C = 44.214 +/- 10.485 bits
  Predicted: > 8.3 bits
  Result: PASS

Unconscious states (N2/N3): n = 940
  Mean C = 20.358 +/- 7.950 bits
  Predicted: < 8.3 bits
  Result: FAIL

T-test: t = 65.694, p = 0.000e+00
Result: SIGNIFICANT

[WIP] Generating plots...
[OK] Plot saved: D:\Projects\HIRM\Empirical\Results\Sleep_EDF\sleep_edf_timeseries.png

======================================================================
DONE. Check results above.
======================================================================
